<?xml version="1.0" encoding="UTF-8"?>
<coverage generated="1718855299091" clover="3.2.0">
  <project timestamp="1718855299092" name="All files">
    <metrics statements="5" coveredstatements="5" conditionals="0" coveredconditionals="0" methods="2" coveredmethods="2" elements="7" coveredelements="7" complexity="0" loc="5" ncloc="5" packages="1" files="2" classes="2"/>
    <file name="forEach.js" path="C:\Users\Izak Stoker\cit262-izakstoker-test\NodeJSExample\src\forEach.js">
      <metrics statements="3" coveredstatements="3" conditionals="0" coveredconditionals="0" methods="1" coveredmethods="1"/>
      <line num="2" count="1" type="stmt"/>
      <line num="3" count="2" type="stmt"/>
      <line num="7" count="1" type="stmt"/>
    </file>
    <file name="helloworld.js" path="C:\Users\Izak Stoker\cit262-izakstoker-test\NodeJSExample\src\helloworld.js">
      <metrics statements="2" coveredstatements="2" conditionals="0" coveredconditionals="0" methods="1" coveredmethods="1"/>
      <line num="2" count="1" type="stmt"/>
      <line num="5" count="1" type="stmt"/>
    </file>
  </project>
</coverage>
