{"C:\\Users\\Izak Stoker\\cit262-izakstoker-test\\NodeJSExample\\src\\forEach.js": {"path":"C:\\Users\\Izak Stoker\\cit262-izakstoker-test\\NodeJSExample\\src\\forEach.js","statementMap":{"0":{"start":{"line":2,"column":4},"end":{"line":4,"column":5}},"1":{"start":{"line":2,"column":21},"end":{"line":2,"column":22}},"2":{"start":{"line":3,"column":6},"end":{"line":3,"column":29}},"3":{"start":{"line":7,"column":2},"end":{"line":7,"column":27}}},"fnMap":{"0":{"name":"forEach","decl":{"start":{"line":1,"column":9},"end":{"line":1,"column":16}},"loc":{"start":{"line":1,"column":34},"end":{"line":5,"column":3}},"line":1}},"branchMap":{},"s":{"0":1,"1":1,"2":2,"3":1},"f":{"0":1},"b":{},"_coverageSchema":"1a1c01bbd47fc00a2c39e90264f33305004495a9","hash":"b4dfc6e1c5152a370cf0c238d609b144e574e1fc"}
,"C:\\Users\\Izak Stoker\\cit262-izakstoker-test\\NodeJSExample\\src\\helloworld.js": {"path":"C:\\Users\\Izak Stoker\\cit262-izakstoker-test\\NodeJSExample\\src\\helloworld.js","statementMap":{"0":{"start":{"line":2,"column":4},"end":{"line":2,"column":24}},"1":{"start":{"line":5,"column":0},"end":{"line":5,"column":23}}},"fnMap":{"0":{"name":"hello","decl":{"start":{"line":1,"column":9},"end":{"line":1,"column":14}},"loc":{"start":{"line":1,"column":17},"end":{"line":3,"column":1}},"line":1}},"branchMap":{},"s":{"0":1,"1":1},"f":{"0":1},"b":{},"_coverageSchema":"1a1c01bbd47fc00a2c39e90264f33305004495a9","hash":"dc17640529d3620f8ffdd06d9d3ee6f45dc3bb70"}
}
